2024-09-11 13:23:08,671 DEBUG    root            Loaded Command Group: ['gcloud', 'components']
2024-09-11 13:23:08,674 DEBUG    root            Loaded Command Group: ['gcloud', 'components', 'update']
2024-09-11 13:23:08,678 DEBUG    root            Running [gcloud.components.update] with arguments: [--quiet: "True", COMPONENT-IDS:8: "['gcloud', 'core', 'bq', 'gsutil', 'compute', 'preview', 'alpha', 'beta']"]
2024-09-11 13:23:08,679 INFO     ___FILE_ONLY___ Beginning update. This process may take several minutes.

2024-09-11 13:23:08,690 DEBUG    urllib3.connectionpool Starting new HTTPS connection (1): dl.google.com:443
2024-09-11 13:23:08,832 DEBUG    urllib3.connectionpool https://dl.google.com:443 "GET /dl/cloudsdk/channels/rapid/components-2.json HTTP/1.1" 200 227002
2024-09-11 13:23:08,855 WARNING  root            Component [preview] no longer exists.
2024-09-11 13:23:08,856 WARNING  root            Component [compute] no longer exists.
2024-09-11 13:23:08,857 INFO     ___FILE_ONLY___ 

2024-09-11 13:23:08,857 INFO     ___FILE_ONLY___ 
Your current Google Cloud CLI version is: 492.0.0

2024-09-11 13:23:08,858 INFO     ___FILE_ONLY___ Installing components from version: 492.0.0

2024-09-11 13:23:08,858 INFO     ___FILE_ONLY___ 

2024-09-11 13:23:08,858 DEBUG    root            Chosen display Format:table[box,title="These components will be removed."](details.display_name:label=Name:align=left,version.version_string:label=Version:align=right,data.size.size(zero="",min=1048576):label=Size:align=right)
2024-09-11 13:23:08,859 DEBUG    root            Chosen display Format:table[box,title="These components will be updated."](details.display_name:label=Name:align=left,version.version_string:label=Version:align=right,data.size.size(zero="",min=1048576):label=Size:align=right)
2024-09-11 13:23:08,860 DEBUG    root            Chosen display Format:table[box,title="These components will be installed."](details.display_name:label=Name:align=left,version.version_string:label=Version:align=right,data.size.size(zero="",min=1048576):label=Size:align=right)
2024-09-11 13:23:08,880 INFO     ___FILE_ONLY___ ┌──────────────────────────────────────────────┐
2024-09-11 13:23:08,880 INFO     ___FILE_ONLY___ 

2024-09-11 13:23:08,880 INFO     ___FILE_ONLY___ │     These components will be installed.      │
2024-09-11 13:23:08,881 INFO     ___FILE_ONLY___ 

2024-09-11 13:23:08,881 INFO     ___FILE_ONLY___ ├───────────────────────┬────────────┬─────────┤
2024-09-11 13:23:08,881 INFO     ___FILE_ONLY___ 

2024-09-11 13:23:08,881 INFO     ___FILE_ONLY___ │          Name         │  Version   │   Size  │
2024-09-11 13:23:08,881 INFO     ___FILE_ONLY___ 

2024-09-11 13:23:08,881 INFO     ___FILE_ONLY___ ├───────────────────────┼────────────┼─────────┤
2024-09-11 13:23:08,881 INFO     ___FILE_ONLY___ 

2024-09-11 13:23:08,881 INFO     ___FILE_ONLY___ │ 
2024-09-11 13:23:08,881 INFO     ___FILE_ONLY___ gcloud Alpha Commands
2024-09-11 13:23:08,882 INFO     ___FILE_ONLY___  
2024-09-11 13:23:08,882 INFO     ___FILE_ONLY___ │ 
2024-09-11 13:23:08,882 INFO     ___FILE_ONLY___ 2024.09.06
2024-09-11 13:23:08,882 INFO     ___FILE_ONLY___  
2024-09-11 13:23:08,882 INFO     ___FILE_ONLY___ │ 
2024-09-11 13:23:08,882 INFO     ___FILE_ONLY___ < 1 MiB
2024-09-11 13:23:08,882 INFO     ___FILE_ONLY___  
2024-09-11 13:23:08,882 INFO     ___FILE_ONLY___ │
2024-09-11 13:23:08,882 INFO     ___FILE_ONLY___ 

2024-09-11 13:23:08,882 INFO     ___FILE_ONLY___ │ 
2024-09-11 13:23:08,883 INFO     ___FILE_ONLY___ gcloud Beta Commands 
2024-09-11 13:23:08,883 INFO     ___FILE_ONLY___  
2024-09-11 13:23:08,883 INFO     ___FILE_ONLY___ │ 
2024-09-11 13:23:08,883 INFO     ___FILE_ONLY___ 2024.09.06
2024-09-11 13:23:08,883 INFO     ___FILE_ONLY___  
2024-09-11 13:23:08,883 INFO     ___FILE_ONLY___ │ 
2024-09-11 13:23:08,883 INFO     ___FILE_ONLY___ < 1 MiB
2024-09-11 13:23:08,883 INFO     ___FILE_ONLY___  
2024-09-11 13:23:08,883 INFO     ___FILE_ONLY___ │
2024-09-11 13:23:08,884 INFO     ___FILE_ONLY___ 

2024-09-11 13:23:08,884 INFO     ___FILE_ONLY___ └───────────────────────┴────────────┴─────────┘
2024-09-11 13:23:08,884 INFO     ___FILE_ONLY___ 

2024-09-11 13:23:08,884 INFO     ___FILE_ONLY___ 

2024-09-11 13:23:08,888 DEBUG    urllib3.connectionpool Starting new HTTPS connection (1): dl.google.com:443
2024-09-11 13:23:09,025 DEBUG    urllib3.connectionpool https://dl.google.com:443 "GET /dl/cloudsdk/channels/rapid/RELEASE_NOTES HTTP/1.1" 200 1268805
2024-09-11 13:23:09,108 INFO     ___FILE_ONLY___ For the latest full release notes, please visit:
  https://cloud.google.com/sdk/release_notes


2024-09-11 13:23:09,109 INFO     ___FILE_ONLY___ Performing in place update...


2024-09-11 13:23:09,111 INFO     ___FILE_ONLY___ ╔════════════════════════════════════════════════════════════╗

2024-09-11 13:23:09,111 INFO     ___FILE_ONLY___ ╠═ Downloading: gcloud Alpha Commands                       ═╣

2024-09-11 13:23:09,112 INFO     ___FILE_ONLY___ ╚
2024-09-11 13:23:09,115 DEBUG    urllib3.connectionpool Starting new HTTPS connection (1): dl.google.com:443
2024-09-11 13:23:09,278 DEBUG    urllib3.connectionpool https://dl.google.com:443 "GET /dl/cloudsdk/channels/rapid/components/google-cloud-sdk-alpha-20240906153039.tar.gz HTTP/1.1" 200 800
2024-09-11 13:23:09,279 INFO     ___FILE_ONLY___ ════════════════════════════════════════════════════════════
2024-09-11 13:23:09,279 INFO     ___FILE_ONLY___ ╝

2024-09-11 13:23:09,282 INFO     ___FILE_ONLY___ ╔════════════════════════════════════════════════════════════╗

2024-09-11 13:23:09,282 INFO     ___FILE_ONLY___ ╠═ Downloading: gcloud Beta Commands                        ═╣

2024-09-11 13:23:09,282 INFO     ___FILE_ONLY___ ╚
2024-09-11 13:23:09,286 DEBUG    urllib3.connectionpool Starting new HTTPS connection (1): dl.google.com:443
2024-09-11 13:23:09,359 DEBUG    urllib3.connectionpool https://dl.google.com:443 "GET /dl/cloudsdk/channels/rapid/components/google-cloud-sdk-beta-20240906153039.tar.gz HTTP/1.1" 200 797
2024-09-11 13:23:09,359 INFO     ___FILE_ONLY___ ════════════════════════════════════════════════════════════
2024-09-11 13:23:09,360 INFO     ___FILE_ONLY___ ╝

2024-09-11 13:23:09,362 INFO     ___FILE_ONLY___ ╔════════════════════════════════════════════════════════════╗

2024-09-11 13:23:09,362 INFO     ___FILE_ONLY___ ╠═ Installing: gcloud Alpha Commands                        ═╣

2024-09-11 13:23:09,362 INFO     ___FILE_ONLY___ ╚
2024-09-11 13:23:09,364 INFO     ___FILE_ONLY___ ════════════════════════════════════════════════════════════
2024-09-11 13:23:09,364 INFO     ___FILE_ONLY___ ╝

2024-09-11 13:23:09,374 INFO     ___FILE_ONLY___ ╔════════════════════════════════════════════════════════════╗

2024-09-11 13:23:09,374 INFO     ___FILE_ONLY___ ╠═ Installing: gcloud Beta Commands                         ═╣

2024-09-11 13:23:09,374 INFO     ___FILE_ONLY___ ╚
2024-09-11 13:23:09,375 INFO     ___FILE_ONLY___ ════════════════════════════════════════════════════════════
2024-09-11 13:23:09,375 INFO     ___FILE_ONLY___ ╝

2024-09-11 13:23:09,386 DEBUG    root            Updating notification cache...
2024-09-11 13:23:09,386 INFO     ___FILE_ONLY___ 

2024-09-11 13:23:09,388 INFO     ___FILE_ONLY___ Performing post processing steps...
2024-09-11 13:23:09,389 DEBUG    root            Executing command: ['/tools/google-cloud-sdk/bin/gcloud', 'components', 'post-process']
2024-09-11 13:23:21,570 DEBUG    ___FILE_ONLY___ 
2024-09-11 13:23:21,570 DEBUG    ___FILE_ONLY___ 
2024-09-11 13:23:21,678 INFO     ___FILE_ONLY___ 
Update done!


2024-09-11 13:23:21,682 DEBUG    root            Chosen display Format:none
2024-09-11 13:23:21,682 INFO     root            Display format: "none"
